

Version:	3.50
CmdLine:	C:\Oz_aggregator\Z_orders.exe --l4j-debug
JNI:		No
WOW64:		Yes
Working dir:	C:\Oz_aggregator\.
Requires JDK:	No
Requires 64-Bit: No
Java min ver:	
Java max ver:	
Substitute:	JAVA_HOME = C:\Program Files\Java\jdk-17\bin
Substitute:	PATH = C:\Program Files\Common Files\Oracle\Java\javapath;C:\Windows\system32;C:\Windows;C:\Windows\System32\Wbem;C:\Windows\System32\WindowsPowerShell\v1.0\;C:\Windows\System32\OpenSSH\;C:\Program Files\Java\jdk-17\bin;C:\Users\JATIN-Admin\AppData\Local\Microsoft\WindowsApps;;C:\Program Files\Java\jdk-17\bin
JRE paths:	C:\Program Files\Java\jdk-17\bin;C:\Program Files\Common Files\Oracle\Java\javapath;C:\Windows\system32;C:\Windows;C:\Windows\System32\Wbem;C:\Windows\System32\WindowsPowerShell\v1.0\;C:\Windows\System32\OpenSSH\;C:\Program Files\Java\jdk-17\bin;C:\Users\JATIN-Admin\AppData\Local\Microsoft\WindowsApps;;C:\Program Files\Java\jdk-17\bin
Check launcher:	C:\Program Files\Java\jdk-17\bin\javaw.exe (OK)
Version string: 1.017.000_012 / 64-Bit (OK)
Launcher:	C:\Program Files\Java\jdk-17\bin\javaw.exe
Launcher args:	-jar "C:\Oz_aggregator\Z_orders.exe"
Args length:	36/32768 chars
Exit code:	0


Version:	3.50
CmdLine:	C:\Oz_aggregator\Z_orders.exe --l4j-debug
JNI:		No
WOW64:		Yes
Working dir:	C:\Oz_aggregator\.
Requires JDK:	No
Requires 64-Bit: No
Java min ver:	
Java max ver:	
Substitute:	JAVA_HOME = C:\Program Files\Java\jdk-17\bin
Substitute:	PATH = C:\Program Files\Common Files\Oracle\Java\javapath;C:\Windows\system32;C:\Windows;C:\Windows\System32\Wbem;C:\Windows\System32\WindowsPowerShell\v1.0\;C:\Windows\System32\OpenSSH\;C:\Program Files\Java\jdk-17\bin;C:\Users\JATIN-Admin\AppData\Local\Microsoft\WindowsApps;;C:\Program Files\Java\jdk-17\bin
JRE paths:	C:\Program Files\Java\jdk-17\bin;C:\Program Files\Common Files\Oracle\Java\javapath;C:\Windows\system32;C:\Windows;C:\Windows\System32\Wbem;C:\Windows\System32\WindowsPowerShell\v1.0\;C:\Windows\System32\OpenSSH\;C:\Program Files\Java\jdk-17\bin;C:\Users\JATIN-Admin\AppData\Local\Microsoft\WindowsApps;;C:\Program Files\Java\jdk-17\bin
Check launcher:	C:\Program Files\Java\jdk-17\bin\javaw.exe (OK)
Version string: 1.017.000_012 / 64-Bit (OK)
Launcher:	C:\Program Files\Java\jdk-17\bin\javaw.exe
Launcher args:	-jar "C:\Oz_aggregator\Z_orders.exe"
Args length:	36/32768 chars
Exit code:	0


Version:	3.50
CmdLine:	C:\Oz_aggregator\Z_orders.exe --l4j-debug
JNI:		No
WOW64:		Yes
Working dir:	C:\Oz_aggregator\.
Requires JDK:	No
Requires 64-Bit: No
Java min ver:	
Java max ver:	
Substitute:	JAVA_HOME = C:\Program Files\Java\jdk-17\bin
Substitute:	PATH = C:\Program Files\Common Files\Oracle\Java\javapath;C:\Windows\system32;C:\Windows;C:\Windows\System32\Wbem;C:\Windows\System32\WindowsPowerShell\v1.0\;C:\Windows\System32\OpenSSH\;C:\Program Files\Java\jdk-17\bin;C:\Users\JATIN-Admin\AppData\Local\Microsoft\WindowsApps;;C:\Program Files\Java\jdk-17\bin
JRE paths:	C:\Program Files\Java\jdk-17\bin;C:\Program Files\Common Files\Oracle\Java\javapath;C:\Windows\system32;C:\Windows;C:\Windows\System32\Wbem;C:\Windows\System32\WindowsPowerShell\v1.0\;C:\Windows\System32\OpenSSH\;C:\Program Files\Java\jdk-17\bin;C:\Users\JATIN-Admin\AppData\Local\Microsoft\WindowsApps;;C:\Program Files\Java\jdk-17\bin
Check launcher:	C:\Program Files\Java\jdk-17\bin\javaw.exe (OK)
Version string: 1.017.000_012 / 64-Bit (OK)
Launcher:	C:\Program Files\Java\jdk-17\bin\javaw.exe
Launcher args:	-jar "C:\Oz_aggregator\Z_orders.exe"
Args length:	36/32768 chars
Exit code:	0


Version:	3.50
CmdLine:	C:\Oz_aggregator\Z_orders.exe --l4j-debug
JNI:		No
WOW64:		Yes
Working dir:	C:\Oz_aggregator\.
Requires JDK:	No
Requires 64-Bit: No
Java min ver:	
Java max ver:	
Substitute:	JAVA_HOME = C:\Program Files\Java\jdk-17\bin
Substitute:	PATH = C:\Program Files\Common Files\Oracle\Java\javapath;C:\Windows\system32;C:\Windows;C:\Windows\System32\Wbem;C:\Windows\System32\WindowsPowerShell\v1.0\;C:\Windows\System32\OpenSSH\;C:\Program Files\Java\jdk-17\bin;C:\Users\JATIN-Admin\AppData\Local\Microsoft\WindowsApps;;C:\Program Files\Java\jdk-17\bin
JRE paths:	C:\Program Files\Java\jdk-17\bin;C:\Program Files\Common Files\Oracle\Java\javapath;C:\Windows\system32;C:\Windows;C:\Windows\System32\Wbem;C:\Windows\System32\WindowsPowerShell\v1.0\;C:\Windows\System32\OpenSSH\;C:\Program Files\Java\jdk-17\bin;C:\Users\JATIN-Admin\AppData\Local\Microsoft\WindowsApps;;C:\Program Files\Java\jdk-17\bin
Check launcher:	C:\Program Files\Java\jdk-17\bin\javaw.exe (OK)
Version string: 1.017.000_012 / 64-Bit (OK)
Launcher:	C:\Program Files\Java\jdk-17\bin\javaw.exe
Launcher args:	-jar "C:\Oz_aggregator\Z_orders.exe"
Args length:	36/32768 chars
Exit code:	0


Version:	3.50
CmdLine:	C:\Oz_aggregator\Z_orders.exe --l4j-debug
JNI:		No
WOW64:		Yes
Working dir:	C:\Oz_aggregator\.
Requires JDK:	No
Requires 64-Bit: No
Java min ver:	
Java max ver:	
Substitute:	JAVA_HOME = C:\Program Files\Java\jdk-17
Substitute:	PATH = C:\Program Files\Common Files\Oracle\Java\javapath;C:\Windows\system32;C:\Windows;C:\Windows\System32\Wbem;C:\Windows\System32\WindowsPowerShell\v1.0\;C:\Windows\System32\OpenSSH\;C:\Program Files\Java\jdk-17\bin;C:\Program Files\nodejs\;C:\apache-maven-3.9.9\bin;C:\Program Files\Java\jre1.8.0_431\bin;C:\Users\JATIN-Admin\AppData\Local\Microsoft\WindowsApps;C:\Users\JATIN-Admin\AppData\Roaming\npm;C:\Program Files\Java\jdk-17\bin
JRE paths:	C:\Program Files\Java\jdk-17;C:\Program Files\Common Files\Oracle\Java\javapath;C:\Windows\system32;C:\Windows;C:\Windows\System32\Wbem;C:\Windows\System32\WindowsPowerShell\v1.0\;C:\Windows\System32\OpenSSH\;C:\Program Files\Java\jdk-17\bin;C:\Program Files\nodejs\;C:\apache-maven-3.9.9\bin;C:\Program Files\Java\jre1.8.0_431\bin;C:\Users\JATIN-Admin\AppData\Local\Microsoft\WindowsApps;C:\Users\JATIN-Admin\AppData\Roaming\npm;C:\Program Files\Java\jdk-17\bin
Check launcher:	C:\Program Files\Java\jdk-17\bin\javaw.exe (OK)
Version string: 1.017.000_012 / 64-Bit (OK)
Launcher:	C:\Program Files\Java\jdk-17\bin\javaw.exe
Launcher args:	-jar "C:\Oz_aggregator\Z_orders.exe"
Args length:	36/32768 chars
Exit code:	0


Version:	3.50
CmdLine:	C:\Oz_aggregator\Z_orders.exe --l4j-debug
JNI:		No
WOW64:		Yes
Working dir:	C:\Oz_aggregator\.
Requires JDK:	No
Requires 64-Bit: No
Java min ver:	
Java max ver:	
Substitute:	JAVA_HOME = C:\Program Files\Java\jdk-17
Substitute:	PATH = C:\Program Files\Common Files\Oracle\Java\javapath;C:\Windows\system32;C:\Windows;C:\Windows\System32\Wbem;C:\Windows\System32\WindowsPowerShell\v1.0\;C:\Windows\System32\OpenSSH\;C:\Program Files\Java\jdk-17\bin;C:\Program Files\nodejs\;C:\apache-maven-3.9.9\bin;C:\Program Files\Java\jre1.8.0_431\bin;C:\Users\JATIN-Admin\AppData\Local\Microsoft\WindowsApps;C:\Users\JATIN-Admin\AppData\Roaming\npm;C:\Program Files\Java\jdk-17\bin
JRE paths:	C:\Program Files\Java\jdk-17;C:\Program Files\Common Files\Oracle\Java\javapath;C:\Windows\system32;C:\Windows;C:\Windows\System32\Wbem;C:\Windows\System32\WindowsPowerShell\v1.0\;C:\Windows\System32\OpenSSH\;C:\Program Files\Java\jdk-17\bin;C:\Program Files\nodejs\;C:\apache-maven-3.9.9\bin;C:\Program Files\Java\jre1.8.0_431\bin;C:\Users\JATIN-Admin\AppData\Local\Microsoft\WindowsApps;C:\Users\JATIN-Admin\AppData\Roaming\npm;C:\Program Files\Java\jdk-17\bin
Check launcher:	C:\Program Files\Java\jdk-17\bin\javaw.exe (OK)
Version string: 1.017.000_012 / 64-Bit (OK)
Launcher:	C:\Program Files\Java\jdk-17\bin\javaw.exe
Launcher args:	-jar "C:\Oz_aggregator\Z_orders.exe"
Args length:	36/32768 chars
Exit code:	0


Version:	3.50
CmdLine:	C:\Oz_aggregator\Z_orders.exe --l4j-debug
JNI:		No
WOW64:		Yes
Working dir:	C:\Oz_aggregator\.
Requires JDK:	No
Requires 64-Bit: No
Java min ver:	
Java max ver:	
Substitute:	JAVA_HOME = C:\Program Files\Java\jdk-17
Substitute:	PATH = C:\Program Files\Common Files\Oracle\Java\javapath;C:\Windows\system32;C:\Windows;C:\Windows\System32\Wbem;C:\Windows\System32\WindowsPowerShell\v1.0\;C:\Windows\System32\OpenSSH\;C:\Program Files\Java\jdk-17\bin;C:\Program Files\nodejs\;C:\apache-maven-3.9.9\bin;C:\Program Files\Java\jre1.8.0_431\bin;C:\Users\JATIN-Admin\AppData\Local\Microsoft\WindowsApps;C:\Users\JATIN-Admin\AppData\Roaming\npm;C:\Program Files\Java\jdk-17\bin
JRE paths:	C:\Program Files\Java\jdk-17;C:\Program Files\Common Files\Oracle\Java\javapath;C:\Windows\system32;C:\Windows;C:\Windows\System32\Wbem;C:\Windows\System32\WindowsPowerShell\v1.0\;C:\Windows\System32\OpenSSH\;C:\Program Files\Java\jdk-17\bin;C:\Program Files\nodejs\;C:\apache-maven-3.9.9\bin;C:\Program Files\Java\jre1.8.0_431\bin;C:\Users\JATIN-Admin\AppData\Local\Microsoft\WindowsApps;C:\Users\JATIN-Admin\AppData\Roaming\npm;C:\Program Files\Java\jdk-17\bin
Check launcher:	C:\Program Files\Java\jdk-17\bin\javaw.exe (OK)
Version string: 1.017.000_012 / 64-Bit (OK)
Launcher:	C:\Program Files\Java\jdk-17\bin\javaw.exe
Launcher args:	-jar "C:\Oz_aggregator\Z_orders.exe"
Args length:	36/32768 chars
Exit code:	0


Version:	3.50
CmdLine:	C:\Oz_aggregator\Z_orders.exe --l4j-debug
JNI:		No
WOW64:		Yes
Working dir:	C:\Oz_aggregator\.
Requires JDK:	No
Requires 64-Bit: No
Java min ver:	
Java max ver:	
Substitute:	JAVA_HOME = C:\Program Files\Java\jdk-17
Substitute:	PATH = C:\Program Files\Common Files\Oracle\Java\javapath;C:\Windows\system32;C:\Windows;C:\Windows\System32\Wbem;C:\Windows\System32\WindowsPowerShell\v1.0\;C:\Windows\System32\OpenSSH\;C:\Program Files\Java\jdk-17\bin;C:\Program Files\nodejs\;C:\apache-maven-3.9.9\bin;C:\Program Files\Java\jre1.8.0_431\bin;C:\Users\JATIN-Admin\AppData\Local\Microsoft\WindowsApps;C:\Users\JATIN-Admin\AppData\Roaming\npm;C:\Program Files\Java\jdk-17\bin
JRE paths:	C:\Program Files\Java\jdk-17;C:\Program Files\Common Files\Oracle\Java\javapath;C:\Windows\system32;C:\Windows;C:\Windows\System32\Wbem;C:\Windows\System32\WindowsPowerShell\v1.0\;C:\Windows\System32\OpenSSH\;C:\Program Files\Java\jdk-17\bin;C:\Program Files\nodejs\;C:\apache-maven-3.9.9\bin;C:\Program Files\Java\jre1.8.0_431\bin;C:\Users\JATIN-Admin\AppData\Local\Microsoft\WindowsApps;C:\Users\JATIN-Admin\AppData\Roaming\npm;C:\Program Files\Java\jdk-17\bin
Check launcher:	C:\Program Files\Java\jdk-17\bin\javaw.exe (OK)
Version string: 1.017.000_012 / 64-Bit (OK)
Launcher:	C:\Program Files\Java\jdk-17\bin\javaw.exe
Launcher args:	-jar "C:\Oz_aggregator\Z_orders.exe"
Args length:	36/32768 chars
Exit code:	0


Version:	3.50
CmdLine:	C:\Oz_aggregator\Z_orders.exe --l4j-debug
JNI:		No
WOW64:		Yes
Working dir:	C:\Oz_aggregator\.
Requires JDK:	No
Requires 64-Bit: No
Java min ver:	
Java max ver:	
Substitute:	JAVA_HOME = C:\Program Files\Java\jdk-17
Substitute:	PATH = C:\Program Files\Common Files\Oracle\Java\javapath;C:\Windows\system32;C:\Windows;C:\Windows\System32\Wbem;C:\Windows\System32\WindowsPowerShell\v1.0\;C:\Windows\System32\OpenSSH\;C:\Program Files\Java\jdk-17\bin;C:\Program Files\nodejs\;C:\apache-maven-3.9.9\bin;C:\Program Files\Java\jre1.8.0_431\bin;C:\Users\JATIN-Admin\AppData\Local\Microsoft\WindowsApps;C:\Users\JATIN-Admin\AppData\Roaming\npm;C:\Program Files\Java\jdk-17\bin
JRE paths:	C:\Program Files\Java\jdk-17;C:\Program Files\Common Files\Oracle\Java\javapath;C:\Windows\system32;C:\Windows;C:\Windows\System32\Wbem;C:\Windows\System32\WindowsPowerShell\v1.0\;C:\Windows\System32\OpenSSH\;C:\Program Files\Java\jdk-17\bin;C:\Program Files\nodejs\;C:\apache-maven-3.9.9\bin;C:\Program Files\Java\jre1.8.0_431\bin;C:\Users\JATIN-Admin\AppData\Local\Microsoft\WindowsApps;C:\Users\JATIN-Admin\AppData\Roaming\npm;C:\Program Files\Java\jdk-17\bin
Check launcher:	C:\Program Files\Java\jdk-17\bin\javaw.exe (OK)
Version string: 1.017.000_012 / 64-Bit (OK)
Launcher:	C:\Program Files\Java\jdk-17\bin\javaw.exe
Launcher args:	-jar "C:\Oz_aggregator\Z_orders.exe"
Args length:	36/32768 chars
Exit code:	0


Version:	3.50
CmdLine:	C:\Oz_aggregator\Z_orders.exe --l4j-debug
JNI:		No
WOW64:		Yes
Working dir:	C:\Oz_aggregator\.
Requires JDK:	No
Requires 64-Bit: No
Java min ver:	
Java max ver:	
Substitute:	JAVA_HOME = C:\Program Files\Java\jdk-17
Substitute:	PATH = C:\Program Files\Common Files\Oracle\Java\javapath;C:\Windows\system32;C:\Windows;C:\Windows\System32\Wbem;C:\Windows\System32\WindowsPowerShell\v1.0\;C:\Windows\System32\OpenSSH\;C:\Program Files\Java\jdk-17\bin;C:\Program Files\nodejs\;C:\apache-maven-3.9.9\bin;C:\Program Files\Java\jre1.8.0_431\bin;C:\Users\JATIN-Admin\AppData\Local\Microsoft\WindowsApps;C:\Users\JATIN-Admin\AppData\Roaming\npm;C:\Program Files\Java\jdk-17\bin
JRE paths:	C:\Program Files\Java\jdk-17;C:\Program Files\Common Files\Oracle\Java\javapath;C:\Windows\system32;C:\Windows;C:\Windows\System32\Wbem;C:\Windows\System32\WindowsPowerShell\v1.0\;C:\Windows\System32\OpenSSH\;C:\Program Files\Java\jdk-17\bin;C:\Program Files\nodejs\;C:\apache-maven-3.9.9\bin;C:\Program Files\Java\jre1.8.0_431\bin;C:\Users\JATIN-Admin\AppData\Local\Microsoft\WindowsApps;C:\Users\JATIN-Admin\AppData\Roaming\npm;C:\Program Files\Java\jdk-17\bin
Check launcher:	C:\Program Files\Java\jdk-17\bin\javaw.exe (OK)
Version string: 1.017.000_012 / 64-Bit (OK)
Launcher:	C:\Program Files\Java\jdk-17\bin\javaw.exe
Launcher args:	-jar "C:\Oz_aggregator\Z_orders.exe"
Args length:	36/32768 chars
Exit code:	0


Version:	3.50
CmdLine:	C:\Oz_aggregator\Z_orders.exe --l4j-debug
JNI:		No
WOW64:		Yes
Working dir:	C:\Oz_aggregator\.
Requires JDK:	No
Requires 64-Bit: No
Java min ver:	
Java max ver:	
Substitute:	JAVA_HOME = C:\Program Files\Java\jdk-17
Substitute:	PATH = C:\Program Files\Common Files\Oracle\Java\javapath;C:\Windows\system32;C:\Windows;C:\Windows\System32\Wbem;C:\Windows\System32\WindowsPowerShell\v1.0\;C:\Windows\System32\OpenSSH\;C:\Program Files\Java\jdk-17\bin;C:\Program Files\nodejs\;C:\apache-maven-3.9.9\bin;C:\Program Files\Java\jre1.8.0_431\bin;C:\Users\JATIN-Admin\AppData\Local\Microsoft\WindowsApps;C:\Users\JATIN-Admin\AppData\Roaming\npm;C:\Program Files\Java\jdk-17\bin
JRE paths:	C:\Program Files\Java\jdk-17;C:\Program Files\Common Files\Oracle\Java\javapath;C:\Windows\system32;C:\Windows;C:\Windows\System32\Wbem;C:\Windows\System32\WindowsPowerShell\v1.0\;C:\Windows\System32\OpenSSH\;C:\Program Files\Java\jdk-17\bin;C:\Program Files\nodejs\;C:\apache-maven-3.9.9\bin;C:\Program Files\Java\jre1.8.0_431\bin;C:\Users\JATIN-Admin\AppData\Local\Microsoft\WindowsApps;C:\Users\JATIN-Admin\AppData\Roaming\npm;C:\Program Files\Java\jdk-17\bin
Check launcher:	C:\Program Files\Java\jdk-17\bin\javaw.exe (OK)
Version string: 1.017.000_012 / 64-Bit (OK)
Launcher:	C:\Program Files\Java\jdk-17\bin\javaw.exe
Launcher args:	-jar "C:\Oz_aggregator\Z_orders.exe"
Args length:	36/32768 chars
Exit code:	0


Version:	3.50
CmdLine:	C:\Oz_aggregator\Z_orders.exe --l4j-debug
JNI:		No
WOW64:		Yes
Working dir:	C:\Oz_aggregator\.
Requires JDK:	No
Requires 64-Bit: No
Java min ver:	
Java max ver:	
Substitute:	JAVA_HOME = C:\Program Files\Java\jdk-17
Substitute:	PATH = C:\Program Files\Common Files\Oracle\Java\javapath;C:\Windows\system32;C:\Windows;C:\Windows\System32\Wbem;C:\Windows\System32\WindowsPowerShell\v1.0\;C:\Windows\System32\OpenSSH\;C:\Program Files\Java\jdk-17\bin;C:\Program Files\nodejs\;C:\apache-maven-3.9.9\bin;C:\Program Files\Java\jre1.8.0_431\bin;C:\Users\JATIN-Admin\AppData\Local\Microsoft\WindowsApps;C:\Users\JATIN-Admin\AppData\Roaming\npm;C:\Users\JATIN-Admin\AppData\Local\Programs\Microsoft VS Code\bin;C:\Program Files\Java\jdk-17\bin
JRE paths:	C:\Program Files\Java\jdk-17;C:\Program Files\Common Files\Oracle\Java\javapath;C:\Windows\system32;C:\Windows;C:\Windows\System32\Wbem;C:\Windows\System32\WindowsPowerShell\v1.0\;C:\Windows\System32\OpenSSH\;C:\Program Files\Java\jdk-17\bin;C:\Program Files\nodejs\;C:\apache-maven-3.9.9\bin;C:\Program Files\Java\jre1.8.0_431\bin;C:\Users\JATIN-Admin\AppData\Local\Microsoft\WindowsApps;C:\Users\JATIN-Admin\AppData\Roaming\npm;C:\Users\JATIN-Admin\AppData\Local\Programs\Microsoft VS Code\bin;C:\Program Files\Java\jdk-17\bin
Check launcher:	C:\Program Files\Java\jdk-17\bin\javaw.exe (OK)
Version string: 1.017.000_012 / 64-Bit (OK)
Launcher:	C:\Program Files\Java\jdk-17\bin\javaw.exe
Launcher args:	-jar "C:\Oz_aggregator\Z_orders.exe"
Args length:	36/32768 chars
Exit code:	0


Version:	3.50
CmdLine:	C:\Oz_aggregator\Z_orders.exe --l4j-debug
JNI:		No
WOW64:		Yes
Working dir:	C:\Oz_aggregator\.
Requires JDK:	No
Requires 64-Bit: No
Java min ver:	
Java max ver:	
Substitute:	JAVA_HOME = C:\Program Files\Java\jdk-17
Substitute:	PATH = C:\Program Files\Common Files\Oracle\Java\javapath;C:\Windows\system32;C:\Windows;C:\Windows\System32\Wbem;C:\Windows\System32\WindowsPowerShell\v1.0\;C:\Windows\System32\OpenSSH\;C:\Program Files\Java\jdk-17\bin;C:\Program Files\nodejs\;C:\apache-maven-3.9.9\bin;C:\Program Files\Java\jre1.8.0_431\bin;C:\Program Files\dotnet\;C:\Users\JATIN-Admin\AppData\Local\Microsoft\WindowsApps;C:\Users\JATIN-Admin\AppData\Roaming\npm;C:\Users\JATIN-Admin\AppData\Local\Programs\Microsoft VS Code\bin;C:\Users\JATIN-Admin\AppData\Local\Muse Hub\lib;C:\Program Files\Java\jdk-17\bin
JRE paths:	C:\Program Files\Java\jdk-17;C:\Program Files\Common Files\Oracle\Java\javapath;C:\Windows\system32;C:\Windows;C:\Windows\System32\Wbem;C:\Windows\System32\WindowsPowerShell\v1.0\;C:\Windows\System32\OpenSSH\;C:\Program Files\Java\jdk-17\bin;C:\Program Files\nodejs\;C:\apache-maven-3.9.9\bin;C:\Program Files\Java\jre1.8.0_431\bin;C:\Program Files\dotnet\;C:\Users\JATIN-Admin\AppData\Local\Microsoft\WindowsApps;C:\Users\JATIN-Admin\AppData\Roaming\npm;C:\Users\JATIN-Admin\AppData\Local\Programs\Microsoft VS Code\bin;C:\Users\JATIN-Admin\AppData\Local\Muse Hub\lib;C:\Program Files\Java\jdk-17\bin
Check launcher:	C:\Program Files\Java\jdk-17\bin\javaw.exe (OK)
Version string: 1.017.000_012 / 64-Bit (OK)
Launcher:	C:\Program Files\Java\jdk-17\bin\javaw.exe
Launcher args:	-jar "C:\Oz_aggregator\Z_orders.exe"
Args length:	36/32768 chars
Exit code:	0
